  renderer.cpp
C:\Users\oriol\OneDrive\Documentos\Documents Uni\GraficsEnTempsReal\GTR_Framework\src\extra\cJSON.h(104,1): warning C4099: 'cJSON': nombre de tipo visto anteriormente usando 'class' ahora se ve usando 'struct'
C:\Users\oriol\OneDrive\Documentos\Documents Uni\GraficsEnTempsReal\GTR_Framework\src\extra\cJSON.h(103): message : vea la declaración de 'cJSON'
C:\Users\oriol\OneDrive\Documentos\Documents Uni\GraficsEnTempsReal\GTR_Framework\src\pipeline\renderer.cpp(31,22): warning C4305: '=': truncamiento de 'double' a 'float'
C:\Users\oriol\OneDrive\Documentos\Documents Uni\GraficsEnTempsReal\GTR_Framework\src\pipeline\renderer.cpp(54,32): warning C4244: 'argumento': conversión de 'T' a 'int'; posible pérdida de datos
          with
          [
              T=float
          ]
C:\Users\oriol\OneDrive\Documentos\Documents Uni\GraficsEnTempsReal\GTR_Framework\src\pipeline\renderer.cpp(54,24): warning C4244: 'argumento': conversión de 'T' a 'int'; posible pérdida de datos
          with
          [
              T=float
          ]
C:\Users\oriol\OneDrive\Documentos\Documents Uni\GraficsEnTempsReal\GTR_Framework\src\pipeline\renderer.cpp(57,31): warning C4244: 'argumento': conversión de 'T' a 'int'; posible pérdida de datos
          with
          [
              T=float
          ]
C:\Users\oriol\OneDrive\Documentos\Documents Uni\GraficsEnTempsReal\GTR_Framework\src\pipeline\renderer.cpp(57,23): warning C4244: 'argumento': conversión de 'T' a 'int'; posible pérdida de datos
          with
          [
              T=float
          ]
C:\Users\oriol\OneDrive\Documentos\Documents Uni\GraficsEnTempsReal\GTR_Framework\src\pipeline\renderer.cpp(80,20): warning C4018: '<': no coinciden signed/unsigned
C:\Users\oriol\OneDrive\Documentos\Documents Uni\GraficsEnTempsReal\GTR_Framework\src\pipeline\renderer.cpp(101,18): warning C4244: 'return': conversión de 'double' a 'float'; posible pérdida de datos
C:\Users\oriol\OneDrive\Documentos\Documents Uni\GraficsEnTempsReal\GTR_Framework\src\pipeline\renderer.cpp(228,109): warning C4244: 'argumento': conversión de 'int' a 'T'; posible pérdida de datos
          with
          [
              T=float
          ]
C:\Users\oriol\OneDrive\Documentos\Documents Uni\GraficsEnTempsReal\GTR_Framework\src\pipeline\renderer.cpp(228,52): warning C4244: 'argumento': conversión de 'int' a 'T'; posible pérdida de datos
          with
          [
              T=float
          ]
C:\Users\oriol\OneDrive\Documentos\Documents Uni\GraficsEnTempsReal\GTR_Framework\src\pipeline\renderer.cpp(231,81): warning C4244: 'argumento': conversión de 'double' a 'T'; posible pérdida de datos
          with
          [
              T=float
          ]
C:\Users\oriol\OneDrive\Documentos\Documents Uni\GraficsEnTempsReal\GTR_Framework\src\pipeline\renderer.cpp(231,46): warning C4244: 'argumento': conversión de 'double' a 'T'; posible pérdida de datos
          with
          [
              T=float
          ]
C:\Users\oriol\OneDrive\Documentos\Documents Uni\GraficsEnTempsReal\GTR_Framework\src\pipeline\renderer.cpp(234,48): warning C4244: 'argumento': conversión de 'int' a 'T'; posible pérdida de datos
          with
          [
              T=float
          ]
C:\Users\oriol\OneDrive\Documentos\Documents Uni\GraficsEnTempsReal\GTR_Framework\src\pipeline\renderer.cpp(316,20): warning C4018: '<': no coinciden signed/unsigned
C:\Users\oriol\OneDrive\Documentos\Documents Uni\GraficsEnTempsReal\GTR_Framework\src\pipeline\renderer.cpp(377,10): warning C4244: 'inicializando': conversión de 'long' a 'float'; posible pérdida de datos
C:\Users\oriol\OneDrive\Documentos\Documents Uni\GraficsEnTempsReal\GTR_Framework\src\pipeline\renderer.cpp(504,10): warning C4244: 'inicializando': conversión de 'long' a 'float'; posible pérdida de datos
C:\Users\oriol\OneDrive\Documentos\Documents Uni\GraficsEnTempsReal\GTR_Framework\src\pipeline\renderer.cpp(536,20): warning C4018: '<': no coinciden signed/unsigned
C:\Users\oriol\OneDrive\Documentos\Documents Uni\GraficsEnTempsReal\GTR_Framework\src\pipeline\renderer.cpp(622,10): warning C4244: 'inicializando': conversión de 'long' a 'float'; posible pérdida de datos
C:\Users\oriol\OneDrive\Documentos\Documents Uni\GraficsEnTempsReal\GTR_Framework\src\pipeline\renderer.cpp(650,20): warning C4018: '<': no coinciden signed/unsigned
C:\Users\oriol\OneDrive\Documentos\Documents Uni\GraficsEnTempsReal\GTR_Framework\src\pipeline\renderer.cpp(656,104): warning C4244: 'argumento': conversión de 'int' a 'T'; posible pérdida de datos
          with
          [
              T=float
          ]
C:\Users\oriol\OneDrive\Documentos\Documents Uni\GraficsEnTempsReal\GTR_Framework\src\pipeline\renderer.cpp(656,39): warning C4244: 'argumento': conversión de 'int' a 'T'; posible pérdida de datos
          with
          [
              T=float
          ]
C:\Users\oriol\OneDrive\Documentos\Documents Uni\GraficsEnTempsReal\GTR_Framework\src\pipeline\renderer.cpp(658,68): warning C4244: 'argumento': conversión de 'double' a 'T'; posible pérdida de datos
          with
          [
              T=float
          ]
C:\Users\oriol\OneDrive\Documentos\Documents Uni\GraficsEnTempsReal\GTR_Framework\src\pipeline\renderer.cpp(658,29): warning C4244: 'argumento': conversión de 'double' a 'T'; posible pérdida de datos
          with
          [
              T=float
          ]
C:\Users\oriol\OneDrive\Documentos\Documents Uni\GraficsEnTempsReal\GTR_Framework\src\pipeline\renderer.cpp(660,46): warning C4244: 'argumento': conversión de 'int' a 'T'; posible pérdida de datos
          with
          [
              T=float
          ]
C:\Users\oriol\OneDrive\Documentos\Documents Uni\GraficsEnTempsReal\GTR_Framework\src\pipeline\renderer.cpp(660,36): warning C4244: 'argumento': conversión de 'int' a 'T'; posible pérdida de datos
          with
          [
              T=float
          ]
C:\Users\oriol\OneDrive\Documentos\Documents Uni\GraficsEnTempsReal\GTR_Framework\src\pipeline\renderer.cpp(754,10): warning C4244: 'inicializando': conversión de 'long' a 'float'; posible pérdida de datos
C:\Users\oriol\OneDrive\Documentos\Documents Uni\GraficsEnTempsReal\GTR_Framework\src\pipeline\renderer.cpp(795,36): warning C4244: 'argumento': conversión de 'T' a 'int'; posible pérdida de datos
          with
          [
              T=float
          ]
C:\Users\oriol\OneDrive\Documentos\Documents Uni\GraficsEnTempsReal\GTR_Framework\src\pipeline\renderer.cpp(795,28): warning C4244: 'argumento': conversión de 'T' a 'int'; posible pérdida de datos
          with
          [
              T=float
          ]
C:\Users\oriol\OneDrive\Documentos\Documents Uni\GraficsEnTempsReal\GTR_Framework\src\pipeline\renderer.cpp(798,38): warning C4244: 'argumento': conversión de 'T' a 'int'; posible pérdida de datos
          with
          [
              T=float
          ]
C:\Users\oriol\OneDrive\Documentos\Documents Uni\GraficsEnTempsReal\GTR_Framework\src\pipeline\renderer.cpp(798,30): warning C4244: 'argumento': conversión de 'T' a 'int'; posible pérdida de datos
          with
          [
              T=float
          ]
C:\Users\oriol\OneDrive\Documentos\Documents Uni\GraficsEnTempsReal\GTR_Framework\src\pipeline\renderer.cpp(920,48): warning C4244: 'argumento': conversión de 'T' a 'GLsizei'; posible pérdida de datos
          with
          [
              T=float
          ]
C:\Users\oriol\OneDrive\Documentos\Documents Uni\GraficsEnTempsReal\GTR_Framework\src\pipeline\renderer.cpp(920,36): warning C4244: 'argumento': conversión de 'T' a 'GLsizei'; posible pérdida de datos
          with
          [
              T=float
          ]
C:\Users\oriol\OneDrive\Documentos\Documents Uni\GraficsEnTempsReal\GTR_Framework\src\pipeline\renderer.cpp(920,24): warning C4244: 'argumento': conversión de 'T' a 'GLint'; posible pérdida de datos
          with
          [
              T=float
          ]
C:\Users\oriol\OneDrive\Documentos\Documents Uni\GraficsEnTempsReal\GTR_Framework\src\pipeline\renderer.cpp(922,57): warning C4244: 'argumento': conversión de 'T' a 'GLsizei'; posible pérdida de datos
          with
          [
              T=float
          ]
C:\Users\oriol\OneDrive\Documentos\Documents Uni\GraficsEnTempsReal\GTR_Framework\src\pipeline\renderer.cpp(922,45): warning C4244: 'argumento': conversión de 'T' a 'GLsizei'; posible pérdida de datos
          with
          [
              T=float
          ]
C:\Users\oriol\OneDrive\Documentos\Documents Uni\GraficsEnTempsReal\GTR_Framework\src\pipeline\renderer.cpp(922,33): warning C4244: 'argumento': conversión de 'T' a 'GLint'; posible pérdida de datos
          with
          [
              T=float
          ]
C:\Users\oriol\OneDrive\Documentos\Documents Uni\GraficsEnTempsReal\GTR_Framework\src\pipeline\renderer.cpp(922,21): warning C4244: 'argumento': conversión de 'T' a 'GLint'; posible pérdida de datos
          with
          [
              T=float
          ]
C:\Users\oriol\OneDrive\Documentos\Documents Uni\GraficsEnTempsReal\GTR_Framework\src\pipeline\renderer.cpp(924,38): warning C4244: 'argumento': conversión de 'T' a 'GLsizei'; posible pérdida de datos
          with
          [
              T=float
          ]
C:\Users\oriol\OneDrive\Documentos\Documents Uni\GraficsEnTempsReal\GTR_Framework\src\pipeline\renderer.cpp(924,26): warning C4244: 'argumento': conversión de 'T' a 'GLsizei'; posible pérdida de datos
          with
          [
              T=float
          ]
C:\Users\oriol\OneDrive\Documentos\Documents Uni\GraficsEnTempsReal\GTR_Framework\src\pipeline\renderer.cpp(926,47): warning C4244: 'argumento': conversión de 'T' a 'GLsizei'; posible pérdida de datos
          with
          [
              T=float
          ]
C:\Users\oriol\OneDrive\Documentos\Documents Uni\GraficsEnTempsReal\GTR_Framework\src\pipeline\renderer.cpp(926,35): warning C4244: 'argumento': conversión de 'T' a 'GLsizei'; posible pérdida de datos
          with
          [
              T=float
          ]
C:\Users\oriol\OneDrive\Documentos\Documents Uni\GraficsEnTempsReal\GTR_Framework\src\pipeline\renderer.cpp(926,21): warning C4244: 'argumento': conversión de 'T' a 'GLint'; posible pérdida de datos
          with
          [
              T=float
          ]
C:\Users\oriol\OneDrive\Documentos\Documents Uni\GraficsEnTempsReal\GTR_Framework\src\pipeline\renderer.cpp(931,31): warning C4244: 'argumento': conversión de 'T' a 'GLsizei'; posible pérdida de datos
          with
          [
              T=float
          ]
C:\Users\oriol\OneDrive\Documentos\Documents Uni\GraficsEnTempsReal\GTR_Framework\src\pipeline\renderer.cpp(931,23): warning C4244: 'argumento': conversión de 'T' a 'GLsizei'; posible pérdida de datos
          with
          [
              T=float
          ]
C:\Users\oriol\OneDrive\Documentos\Documents Uni\GraficsEnTempsReal\GTR_Framework\src\pipeline\renderer.cpp(971,31): warning C4244: 'argumento': conversión de 'T' a 'GLsizei'; posible pérdida de datos
          with
          [
              T=float
          ]
C:\Users\oriol\OneDrive\Documentos\Documents Uni\GraficsEnTempsReal\GTR_Framework\src\pipeline\renderer.cpp(971,23): warning C4244: 'argumento': conversión de 'T' a 'GLsizei'; posible pérdida de datos
          with
          [
              T=float
          ]
C:\Users\oriol\OneDrive\Documentos\Documents Uni\GraficsEnTempsReal\GTR_Framework\src\pipeline\renderer.cpp(1001,29): warning C4305: 'argumento': truncamiento de 'double' a 'float'
C:\Users\oriol\OneDrive\Documentos\Documents Uni\GraficsEnTempsReal\GTR_Framework\src\pipeline\renderer.cpp(1074,67): warning C4305: 'argumento': truncamiento de 'double' a 'float'
     Creando biblioteca ..\..\GTR.lib y objeto ..\..\GTR.exp
LINK : warning LNK4098: la biblioteca predeterminada'LIBCMT' entra en conflicto con otras bibliotecas; use la biblioteca /NODEFAULTLIB:biblioteca
  Generando código
  12 of 5960 functions ( 0.2%) were compiled, the rest were copied from previous compilation.
    0 functions were new in current compilation
    88 functions had inline decision re-evaluated but remain unchanged
  Generación de código finalizada
glew32s.lib(glew.obj) : warning LNK4099: no se encontró PDB '' con 'glew32s.lib(glew.obj)' o en ''; se vinculará el objeto sin tener en cuenta información de depuración
  visualstudio.vcxproj -> C:\Users\oriol\OneDrive\Documentos\Documents Uni\GraficsEnTempsReal\GTR_Framework\GTR.exe
